

============================== 2023-04-14 05:32:48.609679 | 7f94e12c-3935-4131-8040-01972a21fde9 ==============================
[0m05:32:48.609679 [info ] [MainThread]: Running with dbt=1.4.5
[0m05:32:48.611840 [debug] [MainThread]: running dbt with arguments {'write_json': True, 'use_colors': True, 'printer_width': 80, 'version_check': True, 'partial_parse': True, 'static_parser': True, 'profiles_dir': 'C:\\Users\\aditj\\.dbt', 'send_anonymous_usage_stats': True, 'quiet': False, 'no_print': False, 'cache_selected_only': False, 'skip_profile_setup': False, 'which': 'init', 'indirect_selection': 'eager'}
[0m05:32:48.612844 [debug] [MainThread]: Tracking: tracking
[0m05:32:48.666203 [debug] [MainThread]: Sending event: {'category': 'dbt', 'action': 'invocation', 'label': 'start', 'context': [<snowplow_tracker.self_describing_json.SelfDescribingJson object at 0x000001A4BB8ECD00>, <snowplow_tracker.self_describing_json.SelfDescribingJson object at 0x000001A4C168E1F0>, <snowplow_tracker.self_describing_json.SelfDescribingJson object at 0x000001A4C16B6DF0>]}
[0m05:32:48.668243 [info ] [MainThread]: Creating dbt configuration folder at C:\Users\aditj\.dbt
[0m05:33:11.645760 [debug] [MainThread]: Sending event: {'category': 'dbt', 'action': 'invocation', 'label': 'end', 'context': [<snowplow_tracker.self_describing_json.SelfDescribingJson object at 0x000001A4C16DBA30>, <snowplow_tracker.self_describing_json.SelfDescribingJson object at 0x000001A4C16DBBE0>, <snowplow_tracker.self_describing_json.SelfDescribingJson object at 0x000001A4C16DB550>]}
[0m05:33:11.646759 [debug] [MainThread]: Flushing usage events
[0m05:33:11.943893 [info ] [MainThread]: ctrl-c


============================== 2023-04-14 05:33:17.654441 | fa9dda98-e69b-4645-b391-34bf45972a1a ==============================
[0m05:33:17.654441 [info ] [MainThread]: Running with dbt=1.4.5
[0m05:33:17.657432 [debug] [MainThread]: running dbt with arguments {'write_json': True, 'use_colors': True, 'printer_width': 80, 'version_check': True, 'partial_parse': True, 'static_parser': True, 'profiles_dir': 'C:\\Users\\aditj\\.dbt', 'send_anonymous_usage_stats': True, 'quiet': False, 'no_print': False, 'cache_selected_only': False, 'skip_profile_setup': False, 'which': 'init', 'indirect_selection': 'eager'}
[0m05:33:17.658431 [debug] [MainThread]: Tracking: tracking
[0m05:33:17.725017 [debug] [MainThread]: Sending event: {'category': 'dbt', 'action': 'invocation', 'label': 'start', 'context': [<snowplow_tracker.self_describing_json.SelfDescribingJson object at 0x0000022C12EFCD00>, <snowplow_tracker.self_describing_json.SelfDescribingJson object at 0x0000022C18C6F1C0>, <snowplow_tracker.self_describing_json.SelfDescribingJson object at 0x0000022C18C96DC0>]}
[0m05:33:36.335767 [debug] [MainThread]: Starter project path: D:\File Athed\Digital Skola\DBT\env\lib\site-packages\dbt\include\starter_project
[0m05:41:58.612710 [info ] [MainThread]: Profile dbt_learning written to C:\Users\aditj\.dbt\profiles.yml using target's profile_template.yml and your supplied values. Run 'dbt debug' to validate the connection.
[0m05:41:58.614693 [info ] [MainThread]: 
Your new dbt project "dbt_learning" was created!

For more information on how to configure the profiles.yml file,
please consult the dbt documentation here:

  https://docs.getdbt.com/docs/configure-your-profile

One more thing:

Need help? Don't hesitate to reach out to us via GitHub issues or on Slack:

  https://community.getdbt.com/

Happy modeling!

[0m05:41:58.616687 [debug] [MainThread]: Sending event: {'category': 'dbt', 'action': 'invocation', 'label': 'end', 'context': [<snowplow_tracker.self_describing_json.SelfDescribingJson object at 0x0000022C18CBBDF0>, <snowplow_tracker.self_describing_json.SelfDescribingJson object at 0x0000022C18CE1400>, <snowplow_tracker.self_describing_json.SelfDescribingJson object at 0x0000022C18CE1340>]}
[0m05:41:58.617685 [debug] [MainThread]: Flushing usage events
